<?xml version="1.0" encoding="UTF-8"?>
<testsuite xmlns:xsi="http://www.w3.org/2001/XMLSchema-instance" xsi:noNamespaceSchemaLocation="https://maven.apache.org/surefire/maven-surefire-plugin/xsd/surefire-test-report-3.0.xsd" version="3.0" name="tests.LoginTest" time="56.411" tests="6" errors="1" skipped="0" failures="0">
  <properties>
[...]
</properties>
  <testcase name="shouldDisplayPasswordRequiredWhenNoPasswordProvided" classname="tests.LoginTest" time="12.945">
    <error type="org.openqa.selenium.NoSuchElementException"><![CDATA[org.openqa.selenium.NoSuchElementException: 
no such element: Unable to locate element: {"method":"css selector","selector":"#center_column >.alert-danger"}
  (Session info: chrome=84.0.4147.135)
For documentation on this error, please visit: https://www.seleniumhq.org/exceptions/no_such_element.html
Build info: version: '3.141.59', revision: 'e82be7d358', time: '2018-11-14T08:17:03'
System info: host: 'DESKTOP-DET58CP', ip: '192.168.1.22', os.name: 'Windows 10', os.arch: 'amd64', os.version: '10.0', java.version: '11.0.7'
Driver info: org.openqa.selenium.remote.RemoteWebDriver
Capabilities {acceptInsecureCerts: false, browserName: chrome, browserVersion: 84.0.4147.135, chrome: {chromedriverVersion: 84.0.4147.30 (48b3e868b4cc0..., userDataDir: C:\Users\lnowo\AppData\Loca...}, goog:chromeOptions: {debuggerAddress: localhost:61260}, javascriptEnabled: true, networkConnectionEnabled: false, pageLoadStrategy: normal, platform: WINDOWS, platformName: WINDOWS, proxy: Proxy(), setWindowRect: true, strictFileInteractability: false, timeouts: {implicit: 0, pageLoad: 300000, script: 30000}, unhandledPromptBehavior: dismiss and notify, webauthn:virtualAuthenticators: true, webdriver.remote.sessionid: 2f48e1cf9d93a413704460f36fe...}
Session ID: 2f48e1cf9d93a413704460f36fef39bb
*** Element info: {Using=css selector, value=#center_column >.alert-danger}
	at tests.LoginTest.shouldDisplayPasswordRequiredWhenNoPasswordProvided(LoginTest.java:31)
]]></error>
    <system-err><![CDATA[sie 22, 2020 10:51:51 AM org.openqa.selenium.remote.ProtocolHandshake createSession
INFO: Detected dialect: W3C
]]></system-err>
  </testcase>
  <testcase name="shouldBeAbleToLogInWhenCorrectCredentialsAreProvided" classname="tests.LoginTest" time="5.277"/>
  <testcase name="shouldDisplayInvalidEmailErrorWhenEmailWithWrongSyntaxWasUsed" classname="tests.LoginTest" time="21.534"/>
  <testcase name="shouldDisplayEmailAddressRequiredWhenNoEmailProvided" classname="tests.LoginTest" time="3.476"/>
  <testcase name="shouldDisplayAuthenticationFailedWhenWrongCredentialsAreProvided" classname="tests.LoginTest" time="3.541"/>
  <testcase name="shouldDisplayEmailAddressRequiredWhenNoCredentialsProvided" classname="tests.LoginTest" time="3.987"/>
</testsuite>